<?xml version="1.0" encoding="UTF-8"?>
<!-- Generated by org.testng.reporters.JUnitReportReporter -->
<testsuite hostname="DESKTOP-7UOFI28" failures="0" tests="2" name="test.TestAnnotation1" time="0.014" errors="0" timestamp="2023-11-26T17:14:30 IST" skipped="0">
  <testcase classname="test.TestAnnotation1" name="login" time="0.010"/>
  <system-out/>
  <testcase classname="test.TestAnnotation1" name="logout" time="0.004"/>
  <system-out/>
</testsuite> <!-- test.TestAnnotation1 -->
