<?xml version="1.0" encoding="UTF-8"?>
<!-- Generated by org.testng.reporters.JUnitReportReporter -->
<testsuite hostname="DESKTOP-7UOFI28" failures="0" tests="3" name="test.TestGroup4" time="0.006" errors="0" timestamp="2023-05-26T11:00:37 IST" skipped="0">
  <testcase classname="test.TestGroup4" name="testA" time="0.004"/>
  <system-out/>
  <testcase classname="test.TestGroup4" name="testB" time="0.001"/>
  <system-out/>
  <testcase classname="test.TestGroup4" name="testC" time="0.001"/>
  <system-out/>
</testsuite> <!-- test.TestGroup4 -->
