<?xml version="1.0" encoding="UTF-8"?>
<!-- Generated by org.testng.reporters.JUnitReportReporter -->
<testsuite hostname="DESKTOP-7UOFI28" failures="0" tests="3" name="test.GroupTest" time="0.014" errors="0" timestamp="2023-05-04T14:56:04 IST" skipped="0">
  <testcase classname="test.GroupTest" name="testA" time="0.009"/>
  <system-out/>
  <testcase classname="test.GroupTest" name="testB" time="0.004"/>
  <system-out/>
  <testcase classname="test.GroupTest" name="testC" time="0.001"/>
  <system-out/>
</testsuite> <!-- test.GroupTest -->
