<?xml version="1.0" encoding="UTF-8"?>
<!-- Generated by org.testng.reporters.JUnitReportReporter -->
<testsuite hostname="DESKTOP-7UOFI28" failures="0" tests="3" name="test.TestSkiping5" time="0.009" errors="0" timestamp="2023-05-16T18:09:56 IST" skipped="2">
  <testcase classname="test.TestSkiping5" name="skiptest2B" time="0.008">
    <skipped/>
  </testcase> <!-- skiptest2B -->
  <system-out/>
  <testcase classname="test.TestSkiping5" name="skiptest3C" time="0.001"/>
  <system-out/>
  <testcase classname="test.TestSkiping5" name="skiptest1">
    <skipped/>
  </testcase> <!-- skiptest1 -->
  <system-out/>
</testsuite> <!-- test.TestSkiping5 -->
