<?xml version="1.0" encoding="UTF-8"?>
<!-- Generated by org.testng.reporters.JUnitReportReporter -->
<testsuite hostname="DESKTOP-7UOFI28" failures="0" tests="8" name="test.DataProviderDemo" time="0.021" errors="0" timestamp="2023-05-17T10:53:55 IST" skipped="0">
  <testcase classname="test.DataProviderDemo" name="test2" time="0.002"/>
  <system-out/>
  <testcase classname="test.DataProviderDemo" name="test" time="0.012"/>
  <system-out/>
  <testcase classname="test.DataProviderDemo" name="test" time="0.001"/>
  <system-out/>
  <testcase classname="test.DataProviderDemo" name="test2" time="0.002"/>
  <system-out/>
  <testcase classname="test.DataProviderDemo" name="test" time="0.001"/>
  <system-out/>
  <testcase classname="test.DataProviderDemo" name="test2" time="0.001"/>
  <system-out/>
  <testcase classname="test.DataProviderDemo" name="test" time="0.001"/>
  <system-out/>
  <testcase classname="test.DataProviderDemo" name="test2" time="0.001"/>
  <system-out/>
</testsuite> <!-- test.DataProviderDemo -->
