<?xml version="1.0" encoding="UTF-8"?>
<!-- Generated by org.testng.reporters.JUnitReportReporter -->
<testsuite hostname="DESKTOP-7UOFI28" failures="0" tests="3" name="test.SkipingTest" time="0.003" errors="0" timestamp="2023-05-04T08:17:37 IST" skipped="1">
  <testcase classname="test.SkipingTest" name="skiptest2B" time="0.001"/>
  <system-out/>
  <testcase classname="test.SkipingTest" name="skiptest3C" time="0.002"/>
  <system-out/>
  <testcase classname="test.SkipingTest" name="skiptest1">
    <skipped/>
  </testcase> <!-- skiptest1 -->
  <system-out/>
</testsuite> <!-- test.SkipingTest -->
