<?xml version="1.0" encoding="UTF-8"?>
<!-- Generated by org.testng.reporters.JUnitReportReporter -->
<testsuite hostname="DESKTOP-7UOFI28" failures="0" tests="1" name="test.Testparameter7" time="9.848" errors="0" timestamp="2023-05-21T12:37:23 IST" skipped="0">
  <testcase classname="test.Testparameter7" name="lunch" time="9.848"/>
  <system-out/>
</testsuite> <!-- test.Testparameter7 -->
