<?xml version="1.0" encoding="UTF-8"?>
<!-- Generated by org.testng.reporters.JUnitReportReporter -->
<testsuite hostname="DESKTOP-7UOFI28" failures="0" tests="1" name="test.TestCase2" time="29.897" errors="0" timestamp="2023-05-05T17:22:03 IST" skipped="0">
  <testcase classname="test.TestCase2" name="testcase1" time="29.897"/>
  <system-out/>
</testsuite> <!-- test.TestCase2 -->
