<?xml version="1.0" encoding="UTF-8"?>
<!-- Generated by org.testng.reporters.JUnitReportReporter -->
<testsuite hostname="DESKTOP-7UOFI28" failures="0" tests="2" name="test.TestNg" time="0.010" errors="0" timestamp="2023-05-15T16:43:35 IST" skipped="0">
  <testcase classname="test.TestNg" name="login" time="0.009"/>
  <system-out/>
  <testcase classname="test.TestNg" name="logout" time="0.001"/>
  <system-out/>
</testsuite> <!-- test.TestNg -->
