<?xml version="1.0" encoding="UTF-8"?>
<!-- Generated by org.testng.reporters.JUnitReportReporter -->
<testsuite hostname="DESKTOP-7UOFI28" failures="0" tests="1" name="test.TestAssertion" time="7.099" errors="0" timestamp="2023-05-16T08:08:02 IST" skipped="0">
  <testcase classname="test.TestAssertion" name="getTitle" time="7.099"/>
  <system-out/>
</testsuite> <!-- test.TestAssertion -->
