<?xml version="1.0" encoding="UTF-8"?>
<!-- Generated by org.testng.reporters.JUnitReportReporter -->
<testsuite hostname="DESKTOP-7UOFI28" failures="0" tests="4" name="test.Dataproviderdemo2" time="17.984" errors="0" timestamp="2023-05-17T10:49:04 IST" skipped="0">
  <testcase classname="test.Dataproviderdemo2" name="test2" time="1.931"/>
  <system-out/>
  <testcase classname="test.Dataproviderdemo2" name="test2" time="6.737"/>
  <system-out/>
  <testcase classname="test.Dataproviderdemo2" name="test2" time="1.844"/>
  <system-out/>
  <testcase classname="test.Dataproviderdemo2" name="test2" time="7.472"/>
  <system-out/>
</testsuite> <!-- test.Dataproviderdemo2 -->
