<?xml version="1.0" encoding="UTF-8"?>
<!-- Generated by org.testng.reporters.JUnitReportReporter -->
<testsuite hostname="DESKTOP-7UOFI28" failures="0" tests="1" name="test.TestCase1" time="30.874" errors="0" timestamp="2023-05-04T08:17:37 IST" skipped="0">
  <testcase classname="test.TestCase1" name="testcase1" time="30.874"/>
  <system-out/>
</testsuite> <!-- test.TestCase1 -->
