<?xml version="1.0" encoding="UTF-8"?>
<!-- Generated by org.testng.reporters.JUnitReportReporter -->
<testsuite hostname="DESKTOP-7UOFI28" failures="0" tests="1" name="test.TestSoftAssert3" time="4.363" errors="0" timestamp="2023-05-16T09:04:27 IST" skipped="0">
  <testcase classname="test.TestSoftAssert3" name="getTitle" time="4.363"/>
  <system-out/>
</testsuite> <!-- test.TestSoftAssert3 -->
