<?xml version="1.0" encoding="UTF-8"?>
<!-- Generated by org.testng.reporters.JUnitReportReporter -->
<testsuite hostname="DESKTOP-7UOFI28" failures="0" tests="4" name="test.TestReportGenration11" time="0.026" errors="0" timestamp="2023-05-26T16:12:52 IST" skipped="0">
  <testcase classname="test.TestReportGenration11" name="test2" time="0.002"/>
  <system-out/>
  <testcase classname="test.TestReportGenration11" name="test1" time="0.017"/>
  <system-out/>
  <testcase classname="test.TestReportGenration11" name="test3" time="0.002"/>
  <system-out/>
  <testcase classname="test.TestReportGenration11" name="test4" time="0.005"/>
  <system-out>
this is test 4  </system-out>
</testsuite> <!-- test.TestReportGenration11 -->
